<?xml version="1.0" encoding="UTF-8"?>
<!-- Generated by org.testng.reporters.JUnitReportReporter -->
<testsuite skipped="0" hostname="Nas" name="com.geico.qa.test.auto.AutoClass" tests="1" failures="0" timestamp="2022-07-19T22:42:38 EDT" time="10.847" errors="0">
  <testcase name="getAAutoQuote" time="10.847" classname="com.geico.qa.test.auto.AutoClass"/>
  <system-out/>
</testsuite> <!-- com.geico.qa.test.auto.AutoClass -->
