<?xml version="1.0" encoding="UTF-8"?>
<!-- Generated by org.testng.reporters.JUnitReportReporter -->
<testsuite skipped="0" hostname="Nas" name="com.geico.qa.test.auto.AutoTestClass" tests="1" failures="0" timestamp="2022-07-19T22:43:59 EDT" time="8.853" errors="0">
  <testcase name="getAAutoQuote" time="8.853" classname="com.geico.qa.test.auto.AutoTestClass"/>
  <system-out/>
</testsuite> <!-- com.geico.qa.test.auto.AutoTestClass -->
